INFO:root:Mode: cnn
INFO:root:========= Testing: epoch[0/200] loss:1.2153 acc:0.6215
INFO:root:========= Testing: epoch[1/200] loss:0.7748 acc:0.7549
INFO:root:========= Testing: epoch[2/200] loss:0.5892 acc:0.8215
INFO:root:========= Testing: epoch[3/200] loss:0.4803 acc:0.8571
INFO:root:========= Testing: epoch[4/200] loss:0.4415 acc:0.8712
INFO:root:========= Testing: epoch[5/200] loss:0.3954 acc:0.8751
INFO:root:========= Testing: epoch[6/200] loss:0.3729 acc:0.8844
INFO:root:========= Testing: epoch[7/200] loss:0.3534 acc:0.8818
INFO:root:========= Testing: epoch[8/200] loss:0.3397 acc:0.8946
INFO:root:========= Testing: epoch[9/200] loss:0.3405 acc:0.8927
INFO:root:========= Testing: epoch[10/200] loss:0.3317 acc:0.8965
INFO:root:========= Testing: epoch[11/200] loss:0.3274 acc:0.9024
INFO:root:========= Testing: epoch[12/200] loss:0.3366 acc:0.8926
INFO:root:========= Testing: epoch[13/200] loss:0.3303 acc:0.8918
INFO:root:========= Testing: epoch[14/200] loss:0.3322 acc:0.9045
INFO:root:========= Testing: epoch[15/200] loss:0.3345 acc:0.8997
INFO:root:========= Testing: epoch[16/200] loss:0.3305 acc:0.9058
INFO:root:========= Testing: epoch[17/200] loss:0.3340 acc:0.9130
INFO:root:========= Testing: epoch[18/200] loss:0.3392 acc:0.9063
INFO:root:========= Testing: epoch[19/200] loss:0.3615 acc:0.9032
INFO:root:========= Testing: epoch[20/200] loss:0.3465 acc:0.9041
INFO:root:========= Testing: epoch[21/200] loss:0.3570 acc:0.9078
INFO:root:========= Testing: epoch[22/200] loss:0.3511 acc:0.9074
INFO:root:========= Testing: epoch[23/200] loss:0.3416 acc:0.9098
INFO:root:========= Testing: epoch[24/200] loss:0.3505 acc:0.9044
INFO:root:========= Testing: epoch[25/200] loss:0.3503 acc:0.9082
INFO:root:========= Testing: epoch[26/200] loss:0.3363 acc:0.9143
INFO:root:========= Testing: epoch[27/200] loss:0.3313 acc:0.9088
INFO:root:========= Testing: epoch[28/200] loss:0.3416 acc:0.9130
INFO:root:========= Testing: epoch[29/200] loss:0.3608 acc:0.9096
INFO:root:========= Testing: epoch[30/200] loss:0.3530 acc:0.9091
INFO:root:========= Testing: epoch[31/200] loss:0.3620 acc:0.9096
INFO:root:========= Testing: epoch[32/200] loss:0.3604 acc:0.9078
INFO:root:========= Testing: epoch[33/200] loss:0.3610 acc:0.9088
INFO:root:========= Testing: epoch[34/200] loss:0.3670 acc:0.9026
INFO:root:========= Testing: epoch[35/200] loss:0.3653 acc:0.9081
INFO:root:========= Testing: epoch[36/200] loss:0.3642 acc:0.9125
INFO:root:========= Testing: epoch[37/200] loss:0.3483 acc:0.9162
INFO:root:========= Testing: epoch[38/200] loss:0.3765 acc:0.9110
INFO:root:========= Testing: epoch[39/200] loss:0.3764 acc:0.9093
INFO:root:========= Testing: epoch[40/200] loss:0.3761 acc:0.9104
INFO:root:========= Testing: epoch[41/200] loss:0.3942 acc:0.9110
INFO:root:========= Testing: epoch[42/200] loss:0.3749 acc:0.9127
INFO:root:========= Testing: epoch[43/200] loss:0.3773 acc:0.9104
INFO:root:========= Testing: epoch[44/200] loss:0.3760 acc:0.9129
INFO:root:========= Testing: epoch[45/200] loss:0.3839 acc:0.9095
INFO:root:========= Testing: epoch[46/200] loss:0.3991 acc:0.9098
INFO:root:========= Testing: epoch[47/200] loss:0.3769 acc:0.9071
INFO:root:========= Testing: epoch[48/200] loss:0.3860 acc:0.9104
INFO:root:========= Testing: epoch[49/200] loss:0.3768 acc:0.9140
INFO:root:========= Testing: epoch[50/200] loss:0.4018 acc:0.9093
INFO:root:========= Testing: epoch[51/200] loss:0.3908 acc:0.9162
INFO:root:========= Testing: epoch[52/200] loss:0.3654 acc:0.9112
INFO:root:========= Testing: epoch[53/200] loss:0.3973 acc:0.9108
INFO:root:========= Testing: epoch[54/200] loss:0.4009 acc:0.9132
INFO:root:========= Testing: epoch[55/200] loss:0.3830 acc:0.9143
INFO:root:========= Testing: epoch[56/200] loss:0.4222 acc:0.9101
INFO:root:========= Testing: epoch[57/200] loss:0.3980 acc:0.9146
INFO:root:========= Testing: epoch[58/200] loss:0.3816 acc:0.9180
INFO:root:========= Testing: epoch[59/200] loss:0.4181 acc:0.9083
INFO:root:========= Testing: epoch[60/200] loss:0.3847 acc:0.9169
INFO:root:========= Testing: epoch[61/200] loss:0.3940 acc:0.9136
INFO:root:========= Testing: epoch[62/200] loss:0.4094 acc:0.9121
INFO:root:========= Testing: epoch[63/200] loss:0.4080 acc:0.9120
INFO:root:========= Testing: epoch[64/200] loss:0.3932 acc:0.9180
INFO:root:========= Testing: epoch[65/200] loss:0.3847 acc:0.9169
INFO:root:========= Testing: epoch[66/200] loss:0.4013 acc:0.9138
INFO:root:========= Testing: epoch[67/200] loss:0.3893 acc:0.9197
INFO:root:========= Testing: epoch[68/200] loss:0.3998 acc:0.9189
INFO:root:========= Testing: epoch[69/200] loss:0.3936 acc:0.9202
INFO:root:========= Testing: epoch[70/200] loss:0.4013 acc:0.9211
INFO:root:========= Testing: epoch[71/200] loss:0.4140 acc:0.9192
INFO:root:========= Testing: epoch[72/200] loss:0.4224 acc:0.9178
INFO:root:========= Testing: epoch[73/200] loss:0.4265 acc:0.9165
INFO:root:========= Testing: epoch[74/200] loss:0.4226 acc:0.9150
INFO:root:========= Testing: epoch[75/200] loss:0.3734 acc:0.9231
INFO:root:========= Testing: epoch[76/200] loss:0.4076 acc:0.9185
INFO:root:========= Testing: epoch[77/200] loss:0.4200 acc:0.9144
INFO:root:========= Testing: epoch[78/200] loss:0.4334 acc:0.9108
INFO:root:========= Testing: epoch[79/200] loss:0.3953 acc:0.9209
INFO:root:========= Testing: epoch[80/200] loss:0.4079 acc:0.9154
INFO:root:========= Testing: epoch[81/200] loss:0.4233 acc:0.9149
INFO:root:========= Testing: epoch[82/200] loss:0.4225 acc:0.9178
INFO:root:========= Testing: epoch[83/200] loss:0.4024 acc:0.9185
INFO:root:========= Testing: epoch[84/200] loss:0.4009 acc:0.9219
INFO:root:========= Testing: epoch[85/200] loss:0.4163 acc:0.9253
INFO:root:========= Testing: epoch[86/200] loss:0.4229 acc:0.9231
INFO:root:========= Testing: epoch[87/200] loss:0.4285 acc:0.9209
INFO:root:========= Testing: epoch[88/200] loss:0.3989 acc:0.9233
INFO:root:========= Testing: epoch[89/200] loss:0.4303 acc:0.9204
INFO:root:========= Testing: epoch[90/200] loss:0.4311 acc:0.9172
INFO:root:========= Testing: epoch[91/200] loss:0.4097 acc:0.9201
INFO:root:========= Testing: epoch[92/200] loss:0.4324 acc:0.9193
INFO:root:========= Testing: epoch[93/200] loss:0.4646 acc:0.9147
INFO:root:========= Testing: epoch[94/200] loss:0.4754 acc:0.9172
INFO:root:========= Testing: epoch[95/200] loss:0.4605 acc:0.9138
INFO:root:========= Testing: epoch[96/200] loss:0.4540 acc:0.9169
INFO:root:========= Testing: epoch[97/200] loss:0.4432 acc:0.9196
INFO:root:========= Testing: epoch[98/200] loss:0.4243 acc:0.9251
INFO:root:========= Testing: epoch[99/200] loss:0.4365 acc:0.9189
INFO:root:========= Testing: epoch[100/200] loss:0.4769 acc:0.9172
INFO:root:========= Testing: epoch[101/200] loss:0.4669 acc:0.9192
INFO:root:========= Testing: epoch[102/200] loss:0.4714 acc:0.9177
INFO:root:========= Testing: epoch[103/200] loss:0.4889 acc:0.9141
INFO:root:========= Testing: epoch[104/200] loss:0.4605 acc:0.9227
INFO:root:========= Testing: epoch[105/200] loss:0.4555 acc:0.9212
INFO:root:========= Testing: epoch[106/200] loss:0.4639 acc:0.9167
INFO:root:========= Testing: epoch[107/200] loss:0.4604 acc:0.9197
INFO:root:========= Testing: epoch[108/200] loss:0.4477 acc:0.9229
INFO:root:========= Testing: epoch[109/200] loss:0.4494 acc:0.9229
INFO:root:========= Testing: epoch[110/200] loss:0.4636 acc:0.9194
INFO:root:========= Testing: epoch[111/200] loss:0.4914 acc:0.9197
INFO:root:========= Testing: epoch[112/200] loss:0.4766 acc:0.9135
INFO:root:========= Testing: epoch[113/200] loss:0.4723 acc:0.9162
INFO:root:========= Testing: epoch[114/200] loss:0.4463 acc:0.9194
INFO:root:========= Testing: epoch[115/200] loss:0.4581 acc:0.9185
INFO:root:========= Testing: epoch[116/200] loss:0.4616 acc:0.9213
INFO:root:========= Testing: epoch[117/200] loss:0.4906 acc:0.9152
INFO:root:========= Testing: epoch[118/200] loss:0.4653 acc:0.9159
INFO:root:========= Testing: epoch[119/200] loss:0.4566 acc:0.9172
INFO:root:========= Testing: epoch[120/200] loss:0.4679 acc:0.9184
INFO:root:========= Testing: epoch[121/200] loss:0.4532 acc:0.9182
INFO:root:========= Testing: epoch[122/200] loss:0.4509 acc:0.9230
INFO:root:========= Testing: epoch[123/200] loss:0.4750 acc:0.9209
INFO:root:========= Testing: epoch[124/200] loss:0.5052 acc:0.9152
INFO:root:========= Testing: epoch[125/200] loss:0.4509 acc:0.9265
INFO:root:========= Testing: epoch[126/200] loss:0.4404 acc:0.9245
INFO:root:========= Testing: epoch[127/200] loss:0.4824 acc:0.9204
INFO:root:========= Testing: epoch[128/200] loss:0.4875 acc:0.9213
INFO:root:========= Testing: epoch[129/200] loss:0.4458 acc:0.9221
INFO:root:========= Testing: epoch[130/200] loss:0.4464 acc:0.9229
INFO:root:========= Testing: epoch[131/200] loss:0.4725 acc:0.9191
INFO:root:========= Testing: epoch[132/200] loss:0.5117 acc:0.9187
INFO:root:========= Testing: epoch[133/200] loss:0.4793 acc:0.9193
INFO:root:========= Testing: epoch[134/200] loss:0.4864 acc:0.9140
INFO:root:========= Testing: epoch[135/200] loss:0.4737 acc:0.9151
INFO:root:========= Testing: epoch[136/200] loss:0.5139 acc:0.9201
INFO:root:========= Testing: epoch[137/200] loss:0.4853 acc:0.9231
INFO:root:========= Testing: epoch[138/200] loss:0.4772 acc:0.9191
INFO:root:========= Testing: epoch[139/200] loss:0.4990 acc:0.9184
INFO:root:========= Testing: epoch[140/200] loss:0.5053 acc:0.9177
INFO:root:========= Testing: epoch[141/200] loss:0.4589 acc:0.9245
INFO:root:========= Testing: epoch[142/200] loss:0.4645 acc:0.9235
INFO:root:========= Testing: epoch[143/200] loss:0.4767 acc:0.9191
INFO:root:========= Testing: epoch[144/200] loss:0.4771 acc:0.9191
INFO:root:========= Testing: epoch[145/200] loss:0.5273 acc:0.9162
INFO:root:========= Testing: epoch[146/200] loss:0.5156 acc:0.9198
INFO:root:========= Testing: epoch[147/200] loss:0.4720 acc:0.9235
INFO:root:========= Testing: epoch[148/200] loss:0.5022 acc:0.9230
INFO:root:========= Testing: epoch[149/200] loss:0.4886 acc:0.9150
INFO:root:========= Testing: epoch[150/200] loss:0.5130 acc:0.9159
INFO:root:========= Testing: epoch[151/200] loss:0.4812 acc:0.9223
INFO:root:========= Testing: epoch[152/200] loss:0.4793 acc:0.9250
INFO:root:========= Testing: epoch[153/200] loss:0.4909 acc:0.9262
INFO:root:========= Testing: epoch[154/200] loss:0.4792 acc:0.9219
INFO:root:========= Testing: epoch[155/200] loss:0.4701 acc:0.9221
INFO:root:========= Testing: epoch[156/200] loss:0.4594 acc:0.9216
INFO:root:========= Testing: epoch[157/200] loss:0.4789 acc:0.9245
INFO:root:========= Testing: epoch[158/200] loss:0.5124 acc:0.9216
INFO:root:========= Testing: epoch[159/200] loss:0.5149 acc:0.9262
INFO:root:========= Testing: epoch[160/200] loss:0.5231 acc:0.9198
INFO:root:========= Testing: epoch[161/200] loss:0.5032 acc:0.9223
INFO:root:========= Testing: epoch[162/200] loss:0.4974 acc:0.9208
INFO:root:========= Testing: epoch[163/200] loss:0.4859 acc:0.9213
INFO:root:========= Testing: epoch[164/200] loss:0.4884 acc:0.9228
INFO:root:========= Testing: epoch[165/200] loss:0.5026 acc:0.9228
INFO:root:========= Testing: epoch[166/200] loss:0.4738 acc:0.9257
INFO:root:========= Testing: epoch[167/200] loss:0.4744 acc:0.9260
INFO:root:========= Testing: epoch[168/200] loss:0.5474 acc:0.9171
INFO:root:========= Testing: epoch[169/200] loss:0.5192 acc:0.9184
INFO:root:========= Testing: epoch[170/200] loss:0.4908 acc:0.9205
INFO:root:========= Testing: epoch[171/200] loss:0.5110 acc:0.9166
INFO:root:========= Testing: epoch[172/200] loss:0.5501 acc:0.9156
INFO:root:========= Testing: epoch[173/200] loss:0.5301 acc:0.9198
INFO:root:========= Testing: epoch[174/200] loss:0.5254 acc:0.9259
INFO:root:========= Testing: epoch[175/200] loss:0.5210 acc:0.9237
INFO:root:========= Testing: epoch[176/200] loss:0.5429 acc:0.9154
INFO:root:========= Testing: epoch[177/200] loss:0.5710 acc:0.9146
INFO:root:========= Testing: epoch[178/200] loss:0.5282 acc:0.9221
INFO:root:========= Testing: epoch[179/200] loss:0.5379 acc:0.9211
INFO:root:========= Testing: epoch[180/200] loss:0.5450 acc:0.9179
INFO:root:========= Testing: epoch[181/200] loss:0.5345 acc:0.9179
INFO:root:========= Testing: epoch[182/200] loss:0.5288 acc:0.9221
INFO:root:========= Testing: epoch[183/200] loss:0.5422 acc:0.9173
INFO:root:========= Testing: epoch[184/200] loss:0.5054 acc:0.9239
INFO:root:========= Testing: epoch[185/200] loss:0.5089 acc:0.9244
INFO:root:========= Testing: epoch[186/200] loss:0.5009 acc:0.9247
INFO:root:========= Testing: epoch[187/200] loss:0.5523 acc:0.9182
INFO:root:========= Testing: epoch[188/200] loss:0.5347 acc:0.9211
INFO:root:========= Testing: epoch[189/200] loss:0.5305 acc:0.9203
INFO:root:========= Testing: epoch[190/200] loss:0.5579 acc:0.9149
INFO:root:========= Testing: epoch[191/200] loss:0.5412 acc:0.9159
INFO:root:========= Testing: epoch[192/200] loss:0.5582 acc:0.9179
INFO:root:========= Testing: epoch[193/200] loss:0.5198 acc:0.9208
INFO:root:========= Testing: epoch[194/200] loss:0.5585 acc:0.9110
INFO:root:========= Testing: epoch[195/200] loss:0.5183 acc:0.9188
INFO:root:========= Testing: epoch[196/200] loss:0.5136 acc:0.9208
INFO:root:========= Testing: epoch[197/200] loss:0.5165 acc:0.9167
INFO:root:========= Testing: epoch[198/200] loss:0.4953 acc:0.9182
INFO:root:========= Testing: epoch[199/200] loss:0.5040 acc:0.9249
Training torch.Size([10000, 1, 40, 40]) torch.Size([10000])
Testing torch.Size([2000, 1, 40, 40]) torch.Size([2000])
Train batch_nb:157
Test batch_nb:16
