INFO:root:Mode: stn
INFO:root:========= Testing: epoch[0/200] loss:0.8925 acc:0.7314
INFO:root:========= Testing: epoch[1/200] loss:0.5095 acc:0.8597
INFO:root:========= Testing: epoch[2/200] loss:0.3937 acc:0.8884
INFO:root:========= Testing: epoch[3/200] loss:0.3402 acc:0.9026
INFO:root:========= Testing: epoch[4/200] loss:0.2885 acc:0.9093
INFO:root:========= Testing: epoch[5/200] loss:0.2838 acc:0.9155
INFO:root:========= Testing: epoch[6/200] loss:0.2368 acc:0.9284
INFO:root:========= Testing: epoch[7/200] loss:0.2268 acc:0.9324
INFO:root:========= Testing: epoch[8/200] loss:0.2149 acc:0.9328
INFO:root:========= Testing: epoch[9/200] loss:0.2107 acc:0.9346
INFO:root:========= Testing: epoch[10/200] loss:0.1977 acc:0.9399
INFO:root:========= Testing: epoch[11/200] loss:0.2072 acc:0.9340
INFO:root:========= Testing: epoch[12/200] loss:0.1898 acc:0.9389
INFO:root:========= Testing: epoch[13/200] loss:0.1812 acc:0.9478
INFO:root:========= Testing: epoch[14/200] loss:0.1699 acc:0.9479
INFO:root:========= Testing: epoch[15/200] loss:0.1881 acc:0.9412
INFO:root:========= Testing: epoch[16/200] loss:0.1818 acc:0.9396
INFO:root:========= Testing: epoch[17/200] loss:0.1679 acc:0.9448
INFO:root:========= Testing: epoch[18/200] loss:0.1562 acc:0.9540
INFO:root:========= Testing: epoch[19/200] loss:0.1541 acc:0.9489
INFO:root:========= Testing: epoch[20/200] loss:0.1523 acc:0.9535
INFO:root:========= Testing: epoch[21/200] loss:0.1499 acc:0.9550
INFO:root:========= Testing: epoch[22/200] loss:0.1464 acc:0.9557
INFO:root:========= Testing: epoch[23/200] loss:0.1331 acc:0.9547
INFO:root:========= Testing: epoch[24/200] loss:0.1457 acc:0.9510
INFO:root:========= Testing: epoch[25/200] loss:0.1437 acc:0.9518
INFO:root:========= Testing: epoch[26/200] loss:0.1374 acc:0.9539
INFO:root:========= Testing: epoch[27/200] loss:0.1463 acc:0.9561
INFO:root:========= Testing: epoch[28/200] loss:0.1423 acc:0.9557
INFO:root:========= Testing: epoch[29/200] loss:0.1417 acc:0.9573
INFO:root:========= Testing: epoch[30/200] loss:0.1263 acc:0.9574
INFO:root:========= Testing: epoch[31/200] loss:0.1338 acc:0.9521
INFO:root:========= Testing: epoch[32/200] loss:0.1327 acc:0.9586
INFO:root:========= Testing: epoch[33/200] loss:0.1349 acc:0.9526
INFO:root:========= Testing: epoch[34/200] loss:0.1379 acc:0.9601
INFO:root:========= Testing: epoch[35/200] loss:0.1280 acc:0.9607
INFO:root:========= Testing: epoch[36/200] loss:0.1348 acc:0.9556
INFO:root:========= Testing: epoch[37/200] loss:0.1241 acc:0.9618
INFO:root:========= Testing: epoch[38/200] loss:0.1398 acc:0.9539
INFO:root:========= Testing: epoch[39/200] loss:0.1259 acc:0.9625
INFO:root:========= Testing: epoch[40/200] loss:0.1224 acc:0.9581
INFO:root:========= Testing: epoch[41/200] loss:0.1218 acc:0.9633
INFO:root:========= Testing: epoch[42/200] loss:0.1212 acc:0.9630
INFO:root:========= Testing: epoch[43/200] loss:0.1315 acc:0.9612
INFO:root:========= Testing: epoch[44/200] loss:0.1265 acc:0.9569
INFO:root:========= Testing: epoch[45/200] loss:0.1299 acc:0.9618
INFO:root:========= Testing: epoch[46/200] loss:0.1298 acc:0.9591
INFO:root:========= Testing: epoch[47/200] loss:0.1197 acc:0.9649
INFO:root:========= Testing: epoch[48/200] loss:0.1294 acc:0.9623
INFO:root:========= Testing: epoch[49/200] loss:0.1390 acc:0.9570
INFO:root:========= Testing: epoch[50/200] loss:0.1229 acc:0.9660
INFO:root:========= Testing: epoch[51/200] loss:0.1218 acc:0.9620
INFO:root:========= Testing: epoch[52/200] loss:0.1181 acc:0.9617
INFO:root:========= Testing: epoch[53/200] loss:0.1355 acc:0.9584
INFO:root:========= Testing: epoch[54/200] loss:0.1252 acc:0.9600
INFO:root:========= Testing: epoch[55/200] loss:0.1179 acc:0.9632
INFO:root:========= Testing: epoch[56/200] loss:0.1140 acc:0.9647
INFO:root:========= Testing: epoch[57/200] loss:0.1262 acc:0.9636
INFO:root:========= Testing: epoch[58/200] loss:0.1073 acc:0.9672
INFO:root:========= Testing: epoch[59/200] loss:0.1186 acc:0.9640
INFO:root:========= Testing: epoch[60/200] loss:0.1161 acc:0.9654
INFO:root:========= Testing: epoch[61/200] loss:0.1149 acc:0.9649
INFO:root:========= Testing: epoch[62/200] loss:0.0963 acc:0.9704
INFO:root:========= Testing: epoch[63/200] loss:0.1230 acc:0.9610
INFO:root:========= Testing: epoch[64/200] loss:0.1238 acc:0.9630
INFO:root:========= Testing: epoch[65/200] loss:0.1166 acc:0.9627
INFO:root:========= Testing: epoch[66/200] loss:0.1052 acc:0.9666
INFO:root:========= Testing: epoch[67/200] loss:0.1143 acc:0.9674
INFO:root:========= Testing: epoch[68/200] loss:0.1174 acc:0.9630
INFO:root:========= Testing: epoch[69/200] loss:0.1088 acc:0.9649
INFO:root:========= Testing: epoch[70/200] loss:0.1209 acc:0.9674
INFO:root:========= Testing: epoch[71/200] loss:0.1114 acc:0.9699
INFO:root:========= Testing: epoch[72/200] loss:0.1244 acc:0.9660
INFO:root:========= Testing: epoch[73/200] loss:0.1215 acc:0.9607
INFO:root:========= Testing: epoch[74/200] loss:0.1192 acc:0.9659
INFO:root:========= Testing: epoch[75/200] loss:0.1136 acc:0.9649
INFO:root:========= Testing: epoch[76/200] loss:0.1097 acc:0.9683
INFO:root:========= Testing: epoch[77/200] loss:0.1148 acc:0.9682
INFO:root:========= Testing: epoch[78/200] loss:0.1240 acc:0.9646
INFO:root:========= Testing: epoch[79/200] loss:0.1137 acc:0.9704
INFO:root:========= Testing: epoch[80/200] loss:0.1150 acc:0.9671
INFO:root:========= Testing: epoch[81/200] loss:0.1109 acc:0.9653
INFO:root:========= Testing: epoch[82/200] loss:0.1080 acc:0.9682
INFO:root:========= Testing: epoch[83/200] loss:0.1054 acc:0.9694
INFO:root:========= Testing: epoch[84/200] loss:0.1166 acc:0.9662
INFO:root:========= Testing: epoch[85/200] loss:0.1017 acc:0.9714
INFO:root:========= Testing: epoch[86/200] loss:0.1308 acc:0.9646
INFO:root:========= Testing: epoch[87/200] loss:0.1116 acc:0.9622
INFO:root:========= Testing: epoch[88/200] loss:0.1151 acc:0.9677
INFO:root:========= Testing: epoch[89/200] loss:0.1089 acc:0.9670
INFO:root:========= Testing: epoch[90/200] loss:0.1214 acc:0.9650
INFO:root:========= Testing: epoch[91/200] loss:0.1084 acc:0.9677
INFO:root:========= Testing: epoch[92/200] loss:0.1088 acc:0.9682
INFO:root:========= Testing: epoch[93/200] loss:0.1060 acc:0.9691
INFO:root:========= Testing: epoch[94/200] loss:0.1089 acc:0.9691
INFO:root:========= Testing: epoch[95/200] loss:0.1111 acc:0.9637
INFO:root:========= Testing: epoch[96/200] loss:0.1074 acc:0.9667
INFO:root:========= Testing: epoch[97/200] loss:0.1195 acc:0.9664
INFO:root:========= Testing: epoch[98/200] loss:0.1213 acc:0.9669
INFO:root:========= Testing: epoch[99/200] loss:0.0984 acc:0.9701
INFO:root:========= Testing: epoch[100/200] loss:0.1175 acc:0.9632
INFO:root:========= Testing: epoch[101/200] loss:0.1092 acc:0.9709
INFO:root:========= Testing: epoch[102/200] loss:0.1133 acc:0.9639
INFO:root:========= Testing: epoch[103/200] loss:0.0997 acc:0.9703
INFO:root:========= Testing: epoch[104/200] loss:0.1016 acc:0.9729
INFO:root:========= Testing: epoch[105/200] loss:0.1097 acc:0.9645
INFO:root:========= Testing: epoch[106/200] loss:0.1047 acc:0.9711
INFO:root:========= Testing: epoch[107/200] loss:0.1069 acc:0.9723
INFO:root:========= Testing: epoch[108/200] loss:0.1105 acc:0.9703
INFO:root:========= Testing: epoch[109/200] loss:0.1189 acc:0.9689
INFO:root:========= Testing: epoch[110/200] loss:0.1164 acc:0.9686
INFO:root:========= Testing: epoch[111/200] loss:0.1016 acc:0.9726
INFO:root:========= Testing: epoch[112/200] loss:0.1078 acc:0.9679
INFO:root:========= Testing: epoch[113/200] loss:0.1015 acc:0.9661
INFO:root:========= Testing: epoch[114/200] loss:0.1122 acc:0.9682
INFO:root:========= Testing: epoch[115/200] loss:0.1024 acc:0.9707
INFO:root:========= Testing: epoch[116/200] loss:0.0997 acc:0.9696
INFO:root:========= Testing: epoch[117/200] loss:0.1137 acc:0.9656
INFO:root:========= Testing: epoch[118/200] loss:0.1034 acc:0.9684
INFO:root:========= Testing: epoch[119/200] loss:0.1066 acc:0.9679
INFO:root:========= Testing: epoch[120/200] loss:0.1089 acc:0.9669
INFO:root:========= Testing: epoch[121/200] loss:0.0982 acc:0.9755
INFO:root:========= Testing: epoch[122/200] loss:0.1133 acc:0.9659
INFO:root:========= Testing: epoch[123/200] loss:0.0990 acc:0.9688
INFO:root:========= Testing: epoch[124/200] loss:0.0929 acc:0.9729
INFO:root:========= Testing: epoch[125/200] loss:0.0907 acc:0.9713
INFO:root:========= Testing: epoch[126/200] loss:0.1017 acc:0.9684
INFO:root:========= Testing: epoch[127/200] loss:0.0902 acc:0.9745
INFO:root:========= Testing: epoch[128/200] loss:0.1060 acc:0.9671
INFO:root:========= Testing: epoch[129/200] loss:0.1047 acc:0.9713
INFO:root:========= Testing: epoch[130/200] loss:0.1101 acc:0.9709
INFO:root:========= Testing: epoch[131/200] loss:0.0992 acc:0.9735
INFO:root:========= Testing: epoch[132/200] loss:0.1221 acc:0.9638
INFO:root:========= Testing: epoch[133/200] loss:0.0964 acc:0.9703
INFO:root:========= Testing: epoch[134/200] loss:0.1012 acc:0.9721
INFO:root:========= Testing: epoch[135/200] loss:0.1140 acc:0.9696
INFO:root:========= Testing: epoch[136/200] loss:0.1129 acc:0.9716
INFO:root:========= Testing: epoch[137/200] loss:0.1137 acc:0.9667
INFO:root:========= Testing: epoch[138/200] loss:0.1108 acc:0.9674
INFO:root:========= Testing: epoch[139/200] loss:0.0920 acc:0.9723
INFO:root:========= Testing: epoch[140/200] loss:0.1038 acc:0.9693
INFO:root:========= Testing: epoch[141/200] loss:0.1046 acc:0.9689
INFO:root:========= Testing: epoch[142/200] loss:0.1028 acc:0.9738
INFO:root:========= Testing: epoch[143/200] loss:0.1051 acc:0.9740
INFO:root:========= Testing: epoch[144/200] loss:0.1044 acc:0.9691
INFO:root:========= Testing: epoch[145/200] loss:0.1052 acc:0.9723
INFO:root:========= Testing: epoch[146/200] loss:0.1103 acc:0.9709
INFO:root:========= Testing: epoch[147/200] loss:0.1009 acc:0.9728
INFO:root:========= Testing: epoch[148/200] loss:0.1131 acc:0.9693
INFO:root:========= Testing: epoch[149/200] loss:0.1087 acc:0.9688
INFO:root:========= Testing: epoch[150/200] loss:0.1042 acc:0.9688
INFO:root:========= Testing: epoch[151/200] loss:0.0955 acc:0.9760
INFO:root:========= Testing: epoch[152/200] loss:0.0838 acc:0.9757
INFO:root:========= Testing: epoch[153/200] loss:0.0932 acc:0.9730
INFO:root:========= Testing: epoch[154/200] loss:0.0995 acc:0.9711
INFO:root:========= Testing: epoch[155/200] loss:0.0931 acc:0.9737
INFO:root:========= Testing: epoch[156/200] loss:0.0910 acc:0.9711
INFO:root:========= Testing: epoch[157/200] loss:0.1078 acc:0.9706
INFO:root:========= Testing: epoch[158/200] loss:0.0972 acc:0.9732
INFO:root:========= Testing: epoch[159/200] loss:0.0914 acc:0.9740
INFO:root:========= Testing: epoch[160/200] loss:0.0921 acc:0.9740
INFO:root:========= Testing: epoch[161/200] loss:0.0925 acc:0.9750
INFO:root:========= Testing: epoch[162/200] loss:0.0967 acc:0.9700
INFO:root:========= Testing: epoch[163/200] loss:0.0988 acc:0.9705
INFO:root:========= Testing: epoch[164/200] loss:0.1072 acc:0.9726
INFO:root:========= Testing: epoch[165/200] loss:0.1136 acc:0.9713
INFO:root:========= Testing: epoch[166/200] loss:0.1080 acc:0.9703
INFO:root:========= Testing: epoch[167/200] loss:0.1031 acc:0.9737
INFO:root:========= Testing: epoch[168/200] loss:0.0976 acc:0.9775
INFO:root:========= Testing: epoch[169/200] loss:0.0829 acc:0.9787
INFO:root:========= Testing: epoch[170/200] loss:0.1034 acc:0.9745
INFO:root:========= Testing: epoch[171/200] loss:0.1113 acc:0.9686
INFO:root:========= Testing: epoch[172/200] loss:0.0887 acc:0.9779
INFO:root:========= Testing: epoch[173/200] loss:0.0948 acc:0.9748
INFO:root:========= Testing: epoch[174/200] loss:0.0950 acc:0.9716
INFO:root:========= Testing: epoch[175/200] loss:0.0944 acc:0.9737
INFO:root:========= Testing: epoch[176/200] loss:0.0914 acc:0.9684
INFO:root:========= Testing: epoch[177/200] loss:0.1009 acc:0.9752
INFO:root:========= Testing: epoch[178/200] loss:0.0908 acc:0.9731
INFO:root:========= Testing: epoch[179/200] loss:0.0907 acc:0.9728
INFO:root:========= Testing: epoch[180/200] loss:0.0838 acc:0.9747
INFO:root:========= Testing: epoch[181/200] loss:0.0929 acc:0.9755
INFO:root:========= Testing: epoch[182/200] loss:0.1050 acc:0.9748
INFO:root:========= Testing: epoch[183/200] loss:0.1002 acc:0.9723
INFO:root:========= Testing: epoch[184/200] loss:0.1002 acc:0.9713
INFO:root:========= Testing: epoch[185/200] loss:0.1040 acc:0.9693
INFO:root:========= Testing: epoch[186/200] loss:0.0997 acc:0.9677
INFO:root:========= Testing: epoch[187/200] loss:0.0922 acc:0.9750
INFO:root:========= Testing: epoch[188/200] loss:0.0980 acc:0.9713
INFO:root:========= Testing: epoch[189/200] loss:0.0967 acc:0.9730
INFO:root:========= Testing: epoch[190/200] loss:0.1061 acc:0.9732
INFO:root:========= Testing: epoch[191/200] loss:0.1069 acc:0.9723
INFO:root:========= Testing: epoch[192/200] loss:0.0802 acc:0.9774
INFO:root:========= Testing: epoch[193/200] loss:0.0986 acc:0.9723
INFO:root:========= Testing: epoch[194/200] loss:0.0912 acc:0.9743
INFO:root:========= Testing: epoch[195/200] loss:0.0899 acc:0.9743
INFO:root:========= Testing: epoch[196/200] loss:0.0889 acc:0.9745
INFO:root:========= Testing: epoch[197/200] loss:0.0920 acc:0.9703
INFO:root:========= Testing: epoch[198/200] loss:0.0871 acc:0.9765
INFO:root:========= Testing: epoch[199/200] loss:0.0900 acc:0.9748
Training torch.Size([10000, 1, 40, 40]) torch.Size([10000])
Testing torch.Size([2000, 1, 40, 40]) torch.Size([2000])
Train batch_nb:157
Test batch_nb:16
